2015-10-21 09:17:10.892  INFO 1966 --- [main] c.e.WirecardSeamlessExampleApplication   : Starting WirecardSeamlessExampleApplication on Florian-mbp with PID 1966 (/Users/fch/personal/wirecard-example/build/classes/main started by fch in /Users/fch/personal/wirecard-example)
2015-10-21 09:17:10.962  INFO 1966 --- [main] ationConfigEmbeddedWebApplicationContext : Refreshing org.springframework.boot.context.embedded.AnnotationConfigEmbeddedWebApplicationContext@5c1fbd9: startup date [Wed Oct 21 09:17:10 CEST 2015]; root of context hierarchy
2015-10-21 09:17:13.189  INFO 1966 --- [main] s.b.c.e.t.TomcatEmbeddedServletContainer : Tomcat initialized with port(s): 8080 (http)
2015-10-21 09:17:13.505  INFO 1966 --- [main] o.apache.catalina.core.StandardService   : Starting service Tomcat
2015-10-21 09:17:13.507  INFO 1966 --- [main] org.apache.catalina.core.StandardEngine  : Starting Servlet Engine: Apache Tomcat/8.0.26
2015-10-21 09:17:13.908  INFO 1966 --- [localhost-startStop-1] org.apache.jasper.servlet.TldScanner     : At least one JAR was scanned for TLDs yet contained no TLDs. Enable debug logging for this logger for a complete list of JARs that were scanned but no TLDs were found in them. Skipping unneeded JARs during scanning can improve startup time and JSP compilation time.
2015-10-21 09:17:13.913  INFO 1966 --- [localhost-startStop-1] o.a.c.c.C.[Tomcat].[localhost].[/]       : Initializing Spring embedded WebApplicationContext
2015-10-21 09:17:13.913  INFO 1966 --- [localhost-startStop-1] o.s.web.context.ContextLoader            : Root WebApplicationContext: initialization completed in 2954 ms
2015-10-21 09:17:14.354  INFO 1966 --- [localhost-startStop-1] o.s.b.c.e.ServletRegistrationBean        : Mapping servlet: 'dispatcherServlet' to [/]
2015-10-21 09:17:14.359  INFO 1966 --- [localhost-startStop-1] o.s.b.c.embedded.FilterRegistrationBean  : Mapping filter: 'metricFilter' to: [/*]
2015-10-21 09:17:14.360  INFO 1966 --- [localhost-startStop-1] o.s.b.c.embedded.FilterRegistrationBean  : Mapping filter: 'characterEncodingFilter' to: [/*]
2015-10-21 09:17:14.360  INFO 1966 --- [localhost-startStop-1] o.s.b.c.embedded.FilterRegistrationBean  : Mapping filter: 'webRequestLoggingFilter' to: [/*]
2015-10-21 09:17:14.361  INFO 1966 --- [localhost-startStop-1] o.s.b.c.embedded.FilterRegistrationBean  : Mapping filter: 'applicationContextIdFilter' to: [/*]
2015-10-21 09:17:14.615  INFO 1966 --- [main] s.w.s.m.m.a.RequestMappingHandlerMapping : Mapped "{[/failure]}" onto public org.springframework.web.servlet.ModelAndView com.wirecard.controller.WirecardController.failure() throws java.io.IOException
2015-10-21 09:17:14.615  INFO 1966 --- [main] s.w.s.m.m.a.RequestMappingHandlerMapping : Mapped "{[/pending]}" onto public org.springframework.web.servlet.ModelAndView com.wirecard.controller.WirecardController.pending() throws java.io.IOException
2015-10-21 09:17:14.615  INFO 1966 --- [main] s.w.s.m.m.a.RequestMappingHandlerMapping : Mapped "{[/]}" onto public java.lang.String com.wirecard.controller.WirecardController.index()
2015-10-21 09:17:14.616  INFO 1966 --- [main] s.w.s.m.m.a.RequestMappingHandlerMapping : Mapped "{[/fallback]}" onto public void com.wirecard.controller.WirecardController.fallback()
2015-10-21 09:17:14.616  INFO 1966 --- [main] s.w.s.m.m.a.RequestMappingHandlerMapping : Mapped "{[/pay],methods=[POST],consumes=[application/json],produces=[application/json]}" onto public com.wirecard.resource.response.InitPaymentResponse com.wirecard.controller.WirecardController.pay(javax.servlet.http.HttpServletRequest,com.wirecard.resource.response.ReadStorageResponse) throws java.io.IOException
2015-10-21 09:17:14.616  INFO 1966 --- [main] s.w.s.m.m.a.RequestMappingHandlerMapping : Mapped "{[/wirecard],methods=[GET]}" onto public org.springframework.web.servlet.ModelAndView com.wirecard.controller.WirecardController.wirecard(javax.servlet.http.HttpServletRequest) throws java.io.IOException
2015-10-21 09:17:14.617  INFO 1966 --- [main] s.w.s.m.m.a.RequestMappingHandlerMapping : Mapped "{[/storage],methods=[POST],consumes=[application/json],produces=[application/json]}" onto public com.wirecard.resource.response.ReadStorageResponse com.wirecard.controller.WirecardController.storage(com.wirecard.resource.response.ReadStorageResponse) throws java.io.IOException
2015-10-21 09:17:14.617  INFO 1966 --- [main] s.w.s.m.m.a.RequestMappingHandlerMapping : Mapped "{[/confirm]}" onto public void com.wirecard.controller.WirecardController.confirm(javax.servlet.http.HttpServletRequest) throws java.io.IOException
2015-10-21 09:17:14.618  INFO 1966 --- [main] s.w.s.m.m.a.RequestMappingHandlerMapping : Mapped "{[/success]}" onto public org.springframework.web.servlet.ModelAndView com.wirecard.controller.WirecardController.success() throws java.io.IOException
2015-10-21 09:17:14.618  INFO 1966 --- [main] s.w.s.m.m.a.RequestMappingHandlerMapping : Mapped "{[/cancel]}" onto public org.springframework.web.servlet.ModelAndView com.wirecard.controller.WirecardController.cancel() throws java.io.IOException
2015-10-21 09:17:14.618  INFO 1966 --- [main] s.w.s.m.m.a.RequestMappingHandlerMapping : Mapped "{[/service]}" onto public org.springframework.web.servlet.ModelAndView com.wirecard.controller.WirecardController.service() throws java.io.IOException
2015-10-21 09:17:14.630  INFO 1966 --- [main] s.w.s.m.m.a.RequestMappingHandlerMapping : Mapped "{[/error]}" onto public org.springframework.http.ResponseEntity<java.util.Map<java.lang.String, java.lang.Object>> org.springframework.boot.autoconfigure.web.BasicErrorController.error(javax.servlet.http.HttpServletRequest)
2015-10-21 09:17:14.630  INFO 1966 --- [main] s.w.s.m.m.a.RequestMappingHandlerMapping : Mapped "{[/error],produces=[text/html]}" onto public org.springframework.web.servlet.ModelAndView org.springframework.boot.autoconfigure.web.BasicErrorController.errorHtml(javax.servlet.http.HttpServletRequest)
2015-10-21 09:17:14.689  INFO 1966 --- [main] o.s.w.s.handler.SimpleUrlHandlerMapping  : Mapped URL path [/**] onto handler of type [class org.springframework.web.servlet.resource.DefaultServletHttpRequestHandler]
2015-10-21 09:17:15.039  INFO 1966 --- [main] s.w.s.m.m.a.RequestMappingHandlerAdapter : Looking for @ControllerAdvice: org.springframework.boot.context.embedded.AnnotationConfigEmbeddedWebApplicationContext@5c1fbd9: startup date [Wed Oct 21 09:17:10 CEST 2015]; root of context hierarchy
2015-10-21 09:17:15.790  INFO 1966 --- [main] o.s.b.a.e.mvc.EndpointHandlerMapping     : Mapped "{[/manage/mappings],methods=[GET]}" onto public java.lang.Object org.springframework.boot.actuate.endpoint.mvc.EndpointMvcAdapter.invoke()
2015-10-21 09:17:15.790  INFO 1966 --- [main] o.s.b.a.e.mvc.EndpointHandlerMapping     : Mapped "{[/manage/info],methods=[GET]}" onto public java.lang.Object org.springframework.boot.actuate.endpoint.mvc.EndpointMvcAdapter.invoke()
2015-10-21 09:17:15.791  INFO 1966 --- [main] o.s.b.a.e.mvc.EndpointHandlerMapping     : Mapped "{[/manage/dump],methods=[GET]}" onto public java.lang.Object org.springframework.boot.actuate.endpoint.mvc.EndpointMvcAdapter.invoke()
2015-10-21 09:17:15.791  INFO 1966 --- [main] o.s.b.a.e.mvc.EndpointHandlerMapping     : Mapped "{[/manage/configprops],methods=[GET]}" onto public java.lang.Object org.springframework.boot.actuate.endpoint.mvc.EndpointMvcAdapter.invoke()
2015-10-21 09:17:15.792  INFO 1966 --- [main] o.s.b.a.e.mvc.EndpointHandlerMapping     : Mapped "{[/manage/env/{name:.*}],methods=[GET]}" onto public java.lang.Object org.springframework.boot.actuate.endpoint.mvc.EnvironmentMvcEndpoint.value(java.lang.String)
2015-10-21 09:17:15.794  INFO 1966 --- [main] o.s.b.a.e.mvc.EndpointHandlerMapping     : Mapped "{[/manage/env],methods=[GET]}" onto public java.lang.Object org.springframework.boot.actuate.endpoint.mvc.EndpointMvcAdapter.invoke()
2015-10-21 09:17:15.795  INFO 1966 --- [main] o.s.b.a.e.mvc.EndpointHandlerMapping     : Mapped "{[/manage/metrics/{name:.*}],methods=[GET]}" onto public java.lang.Object org.springframework.boot.actuate.endpoint.mvc.MetricsMvcEndpoint.value(java.lang.String)
2015-10-21 09:17:15.795  INFO 1966 --- [main] o.s.b.a.e.mvc.EndpointHandlerMapping     : Mapped "{[/manage/metrics],methods=[GET]}" onto public java.lang.Object org.springframework.boot.actuate.endpoint.mvc.EndpointMvcAdapter.invoke()
2015-10-21 09:17:15.796  INFO 1966 --- [main] o.s.b.a.e.mvc.EndpointHandlerMapping     : Mapped "{[/manage/trace],methods=[GET]}" onto public java.lang.Object org.springframework.boot.actuate.endpoint.mvc.EndpointMvcAdapter.invoke()
2015-10-21 09:17:15.796  INFO 1966 --- [main] o.s.b.a.e.mvc.EndpointHandlerMapping     : Mapped "{[/manage/health]}" onto public java.lang.Object org.springframework.boot.actuate.endpoint.mvc.HealthMvcEndpoint.invoke(java.security.Principal)
2015-10-21 09:17:15.797  INFO 1966 --- [main] o.s.b.a.e.mvc.EndpointHandlerMapping     : Mapped "{[/manage/beans],methods=[GET]}" onto public java.lang.Object org.springframework.boot.actuate.endpoint.mvc.EndpointMvcAdapter.invoke()
2015-10-21 09:17:15.798  INFO 1966 --- [main] o.s.b.a.e.mvc.EndpointHandlerMapping     : Mapped "{[/manage/autoconfig],methods=[GET]}" onto public java.lang.Object org.springframework.boot.actuate.endpoint.mvc.EndpointMvcAdapter.invoke()
2015-10-21 09:17:15.971  INFO 1966 --- [main] o.s.j.e.a.AnnotationMBeanExporter        : Registering beans for JMX exposure on startup
2015-10-21 09:17:15.985  INFO 1966 --- [main] o.s.c.support.DefaultLifecycleProcessor  : Starting beans in phase 0
2015-10-21 09:17:16.250  INFO 1966 --- [main] s.b.c.e.t.TomcatEmbeddedServletContainer : Tomcat started on port(s): 8080 (http)
2015-10-21 09:17:16.252  INFO 1966 --- [main] c.e.WirecardSeamlessExampleApplication   : Started WirecardSeamlessExampleApplication in 5.807 seconds (JVM running for 6.196)
2015-10-21 09:18:11.380  INFO 1966 --- [http-nio-8080-exec-1] o.a.c.c.C.[Tomcat].[localhost].[/]       : Initializing Spring FrameworkServlet 'dispatcherServlet'
2015-10-21 09:18:11.380  INFO 1966 --- [http-nio-8080-exec-1] o.s.web.servlet.DispatcherServlet        : FrameworkServlet 'dispatcherServlet': initialization started
2015-10-21 09:18:11.401  INFO 1966 --- [http-nio-8080-exec-1] o.s.web.servlet.DispatcherServlet        : FrameworkServlet 'dispatcherServlet': initialization completed in 21 ms
2015-10-21 09:18:41.632  INFO 1966 --- [Thread-1] ationConfigEmbeddedWebApplicationContext : Closing org.springframework.boot.context.embedded.AnnotationConfigEmbeddedWebApplicationContext@5c1fbd9: startup date [Wed Oct 21 09:17:10 CEST 2015]; root of context hierarchy
2015-10-21 09:18:41.634  INFO 1966 --- [Thread-1] o.s.c.support.DefaultLifecycleProcessor  : Stopping beans in phase 0
2015-10-21 09:18:41.638  INFO 1966 --- [Thread-1] o.s.j.e.a.AnnotationMBeanExporter        : Unregistering JMX-exposed beans on shutdown
2015-10-21 09:19:08.620  INFO 2149 --- [main] c.e.WirecardSeamlessExampleApplication   : Starting WirecardSeamlessExampleApplication on Florian-mbp with PID 2149 (/Users/fch/personal/wirecard-example/build/classes/main started by fch in /Users/fch/personal/wirecard-example)
2015-10-21 09:19:08.688  INFO 2149 --- [main] ationConfigEmbeddedWebApplicationContext : Refreshing org.springframework.boot.context.embedded.AnnotationConfigEmbeddedWebApplicationContext@204aa98f: startup date [Wed Oct 21 09:19:08 CEST 2015]; root of context hierarchy
2015-10-21 09:19:10.782  INFO 2149 --- [main] s.b.c.e.t.TomcatEmbeddedServletContainer : Tomcat initialized with port(s): 8080 (http)
2015-10-21 09:19:11.097  INFO 2149 --- [main] o.apache.catalina.core.StandardService   : Starting service Tomcat
2015-10-21 09:19:11.099  INFO 2149 --- [main] org.apache.catalina.core.StandardEngine  : Starting Servlet Engine: Apache Tomcat/8.0.26
2015-10-21 09:19:11.478  INFO 2149 --- [localhost-startStop-1] org.apache.jasper.servlet.TldScanner     : At least one JAR was scanned for TLDs yet contained no TLDs. Enable debug logging for this logger for a complete list of JARs that were scanned but no TLDs were found in them. Skipping unneeded JARs during scanning can improve startup time and JSP compilation time.
2015-10-21 09:19:11.483  INFO 2149 --- [localhost-startStop-1] o.a.c.c.C.[Tomcat].[localhost].[/]       : Initializing Spring embedded WebApplicationContext
2015-10-21 09:19:11.483  INFO 2149 --- [localhost-startStop-1] o.s.web.context.ContextLoader            : Root WebApplicationContext: initialization completed in 2798 ms
2015-10-21 09:19:11.887  INFO 2149 --- [localhost-startStop-1] o.s.b.c.e.ServletRegistrationBean        : Mapping servlet: 'dispatcherServlet' to [/]
2015-10-21 09:19:11.890  INFO 2149 --- [localhost-startStop-1] o.s.b.c.embedded.FilterRegistrationBean  : Mapping filter: 'metricFilter' to: [/*]
2015-10-21 09:19:11.891  INFO 2149 --- [localhost-startStop-1] o.s.b.c.embedded.FilterRegistrationBean  : Mapping filter: 'characterEncodingFilter' to: [/*]
2015-10-21 09:19:11.891  INFO 2149 --- [localhost-startStop-1] o.s.b.c.embedded.FilterRegistrationBean  : Mapping filter: 'webRequestLoggingFilter' to: [/*]
2015-10-21 09:19:11.891  INFO 2149 --- [localhost-startStop-1] o.s.b.c.embedded.FilterRegistrationBean  : Mapping filter: 'applicationContextIdFilter' to: [/*]
2015-10-21 09:19:12.085  INFO 2149 --- [main] s.w.s.m.m.a.RequestMappingHandlerMapping : Mapped "{[/failure]}" onto public org.springframework.web.servlet.ModelAndView com.wirecard.controller.WirecardController.failure() throws java.io.IOException
2015-10-21 09:19:12.085  INFO 2149 --- [main] s.w.s.m.m.a.RequestMappingHandlerMapping : Mapped "{[/pending]}" onto public org.springframework.web.servlet.ModelAndView com.wirecard.controller.WirecardController.pending() throws java.io.IOException
2015-10-21 09:19:12.085  INFO 2149 --- [main] s.w.s.m.m.a.RequestMappingHandlerMapping : Mapped "{[/]}" onto public java.lang.String com.wirecard.controller.WirecardController.index()
2015-10-21 09:19:12.085  INFO 2149 --- [main] s.w.s.m.m.a.RequestMappingHandlerMapping : Mapped "{[/fallback]}" onto public void com.wirecard.controller.WirecardController.fallback()
2015-10-21 09:19:12.086  INFO 2149 --- [main] s.w.s.m.m.a.RequestMappingHandlerMapping : Mapped "{[/wirecard],methods=[GET]}" onto public org.springframework.web.servlet.ModelAndView com.wirecard.controller.WirecardController.wirecard(javax.servlet.http.HttpServletRequest) throws java.io.IOException
2015-10-21 09:19:12.086  INFO 2149 --- [main] s.w.s.m.m.a.RequestMappingHandlerMapping : Mapped "{[/pay],methods=[POST],consumes=[application/json],produces=[application/json]}" onto public com.wirecard.resource.response.InitPaymentResponse com.wirecard.controller.WirecardController.pay(javax.servlet.http.HttpServletRequest,com.wirecard.resource.response.ReadStorageResponse) throws java.io.IOException
2015-10-21 09:19:12.087  INFO 2149 --- [main] s.w.s.m.m.a.RequestMappingHandlerMapping : Mapped "{[/storage],methods=[POST],consumes=[application/json],produces=[application/json]}" onto public com.wirecard.resource.response.ReadStorageResponse com.wirecard.controller.WirecardController.storage(com.wirecard.resource.response.ReadStorageResponse) throws java.io.IOException
2015-10-21 09:19:12.087  INFO 2149 --- [main] s.w.s.m.m.a.RequestMappingHandlerMapping : Mapped "{[/confirm]}" onto public void com.wirecard.controller.WirecardController.confirm(javax.servlet.http.HttpServletRequest) throws java.io.IOException
2015-10-21 09:19:12.087  INFO 2149 --- [main] s.w.s.m.m.a.RequestMappingHandlerMapping : Mapped "{[/success]}" onto public org.springframework.web.servlet.ModelAndView com.wirecard.controller.WirecardController.success() throws java.io.IOException
2015-10-21 09:19:12.088  INFO 2149 --- [main] s.w.s.m.m.a.RequestMappingHandlerMapping : Mapped "{[/cancel]}" onto public org.springframework.web.servlet.ModelAndView com.wirecard.controller.WirecardController.cancel() throws java.io.IOException
2015-10-21 09:19:12.088  INFO 2149 --- [main] s.w.s.m.m.a.RequestMappingHandlerMapping : Mapped "{[/service]}" onto public org.springframework.web.servlet.ModelAndView com.wirecard.controller.WirecardController.service() throws java.io.IOException
2015-10-21 09:19:12.097  INFO 2149 --- [main] s.w.s.m.m.a.RequestMappingHandlerMapping : Mapped "{[/error]}" onto public org.springframework.http.ResponseEntity<java.util.Map<java.lang.String, java.lang.Object>> org.springframework.boot.autoconfigure.web.BasicErrorController.error(javax.servlet.http.HttpServletRequest)
2015-10-21 09:19:12.098  INFO 2149 --- [main] s.w.s.m.m.a.RequestMappingHandlerMapping : Mapped "{[/error],produces=[text/html]}" onto public org.springframework.web.servlet.ModelAndView org.springframework.boot.autoconfigure.web.BasicErrorController.errorHtml(javax.servlet.http.HttpServletRequest)
2015-10-21 09:19:12.149  INFO 2149 --- [main] o.s.w.s.handler.SimpleUrlHandlerMapping  : Mapped URL path [/**] onto handler of type [class org.springframework.web.servlet.resource.DefaultServletHttpRequestHandler]
2015-10-21 09:19:12.378  INFO 2149 --- [main] s.w.s.m.m.a.RequestMappingHandlerAdapter : Looking for @ControllerAdvice: org.springframework.boot.context.embedded.AnnotationConfigEmbeddedWebApplicationContext@204aa98f: startup date [Wed Oct 21 09:19:08 CEST 2015]; root of context hierarchy
2015-10-21 09:19:13.022  INFO 2149 --- [main] o.s.b.a.e.mvc.EndpointHandlerMapping     : Mapped "{[/manage/mappings],methods=[GET]}" onto public java.lang.Object org.springframework.boot.actuate.endpoint.mvc.EndpointMvcAdapter.invoke()
2015-10-21 09:19:13.022  INFO 2149 --- [main] o.s.b.a.e.mvc.EndpointHandlerMapping     : Mapped "{[/manage/trace],methods=[GET]}" onto public java.lang.Object org.springframework.boot.actuate.endpoint.mvc.EndpointMvcAdapter.invoke()
2015-10-21 09:19:13.023  INFO 2149 --- [main] o.s.b.a.e.mvc.EndpointHandlerMapping     : Mapped "{[/manage/dump],methods=[GET]}" onto public java.lang.Object org.springframework.boot.actuate.endpoint.mvc.EndpointMvcAdapter.invoke()
2015-10-21 09:19:13.023  INFO 2149 --- [main] o.s.b.a.e.mvc.EndpointHandlerMapping     : Mapped "{[/manage/beans],methods=[GET]}" onto public java.lang.Object org.springframework.boot.actuate.endpoint.mvc.EndpointMvcAdapter.invoke()
2015-10-21 09:19:13.024  INFO 2149 --- [main] o.s.b.a.e.mvc.EndpointHandlerMapping     : Mapped "{[/manage/configprops],methods=[GET]}" onto public java.lang.Object org.springframework.boot.actuate.endpoint.mvc.EndpointMvcAdapter.invoke()
2015-10-21 09:19:13.025  INFO 2149 --- [main] o.s.b.a.e.mvc.EndpointHandlerMapping     : Mapped "{[/manage/info],methods=[GET]}" onto public java.lang.Object org.springframework.boot.actuate.endpoint.mvc.EndpointMvcAdapter.invoke()
2015-10-21 09:19:13.025  INFO 2149 --- [main] o.s.b.a.e.mvc.EndpointHandlerMapping     : Mapped "{[/manage/autoconfig],methods=[GET]}" onto public java.lang.Object org.springframework.boot.actuate.endpoint.mvc.EndpointMvcAdapter.invoke()
2015-10-21 09:19:13.026  INFO 2149 --- [main] o.s.b.a.e.mvc.EndpointHandlerMapping     : Mapped "{[/manage/health]}" onto public java.lang.Object org.springframework.boot.actuate.endpoint.mvc.HealthMvcEndpoint.invoke(java.security.Principal)
2015-10-21 09:19:13.027  INFO 2149 --- [main] o.s.b.a.e.mvc.EndpointHandlerMapping     : Mapped "{[/manage/env/{name:.*}],methods=[GET]}" onto public java.lang.Object org.springframework.boot.actuate.endpoint.mvc.EnvironmentMvcEndpoint.value(java.lang.String)
2015-10-21 09:19:13.028  INFO 2149 --- [main] o.s.b.a.e.mvc.EndpointHandlerMapping     : Mapped "{[/manage/env],methods=[GET]}" onto public java.lang.Object org.springframework.boot.actuate.endpoint.mvc.EndpointMvcAdapter.invoke()
2015-10-21 09:19:13.029  INFO 2149 --- [main] o.s.b.a.e.mvc.EndpointHandlerMapping     : Mapped "{[/manage/metrics/{name:.*}],methods=[GET]}" onto public java.lang.Object org.springframework.boot.actuate.endpoint.mvc.MetricsMvcEndpoint.value(java.lang.String)
2015-10-21 09:19:13.029  INFO 2149 --- [main] o.s.b.a.e.mvc.EndpointHandlerMapping     : Mapped "{[/manage/metrics],methods=[GET]}" onto public java.lang.Object org.springframework.boot.actuate.endpoint.mvc.EndpointMvcAdapter.invoke()
2015-10-21 09:19:13.209  INFO 2149 --- [main] o.s.j.e.a.AnnotationMBeanExporter        : Registering beans for JMX exposure on startup
2015-10-21 09:19:13.222  INFO 2149 --- [main] o.s.c.support.DefaultLifecycleProcessor  : Starting beans in phase 0
2015-10-21 09:19:13.472  INFO 2149 --- [main] s.b.c.e.t.TomcatEmbeddedServletContainer : Tomcat started on port(s): 8080 (http)
2015-10-21 09:19:13.475  INFO 2149 --- [main] c.e.WirecardSeamlessExampleApplication   : Started WirecardSeamlessExampleApplication in 5.252 seconds (JVM running for 5.614)
2015-10-21 09:19:29.893  INFO 2149 --- [http-nio-8080-exec-1] o.a.c.c.C.[Tomcat].[localhost].[/]       : Initializing Spring FrameworkServlet 'dispatcherServlet'
2015-10-21 09:19:29.893  INFO 2149 --- [http-nio-8080-exec-1] o.s.web.servlet.DispatcherServlet        : FrameworkServlet 'dispatcherServlet': initialization started
2015-10-21 09:19:29.918  INFO 2149 --- [http-nio-8080-exec-1] o.s.web.servlet.DispatcherServlet        : FrameworkServlet 'dispatcherServlet': initialization completed in 24 ms
2015-10-21 09:20:51.153  INFO 2149 --- [Thread-1] ationConfigEmbeddedWebApplicationContext : Closing org.springframework.boot.context.embedded.AnnotationConfigEmbeddedWebApplicationContext@204aa98f: startup date [Wed Oct 21 09:19:08 CEST 2015]; root of context hierarchy
2015-10-21 09:20:51.155  INFO 2149 --- [Thread-1] o.s.c.support.DefaultLifecycleProcessor  : Stopping beans in phase 0
2015-10-21 09:20:51.159  INFO 2149 --- [Thread-1] o.s.j.e.a.AnnotationMBeanExporter        : Unregistering JMX-exposed beans on shutdown
2015-10-21 09:23:13.482  INFO 2418 --- [Test worker] .WirecardSeamlessExampleApplicationTests : Starting WirecardSeamlessExampleApplicationTests on Florian-mbp with PID 2418 (/Users/fch/personal/wirecard-example/build/classes/test started by fch in /Users/fch/personal/wirecard-example)
2015-10-21 09:23:13.552  INFO 2418 --- [Test worker] o.s.w.c.s.GenericWebApplicationContext   : Refreshing org.springframework.web.context.support.GenericWebApplicationContext@5109f2ca: startup date [Wed Oct 21 09:23:13 CEST 2015]; root of context hierarchy
2015-10-21 09:23:15.490  INFO 2418 --- [Test worker] s.w.s.m.m.a.RequestMappingHandlerMapping : Mapped "{[/failure]}" onto public org.springframework.web.servlet.ModelAndView com.wirecard.controller.WirecardController.failure() throws java.io.IOException
2015-10-21 09:23:15.491  INFO 2418 --- [Test worker] s.w.s.m.m.a.RequestMappingHandlerMapping : Mapped "{[/pending]}" onto public org.springframework.web.servlet.ModelAndView com.wirecard.controller.WirecardController.pending() throws java.io.IOException
2015-10-21 09:23:15.491  INFO 2418 --- [Test worker] s.w.s.m.m.a.RequestMappingHandlerMapping : Mapped "{[/]}" onto public java.lang.String com.wirecard.controller.WirecardController.index()
2015-10-21 09:23:15.492  INFO 2418 --- [Test worker] s.w.s.m.m.a.RequestMappingHandlerMapping : Mapped "{[/pay],methods=[POST],consumes=[application/json],produces=[application/json]}" onto public com.wirecard.resource.response.InitPaymentResponse com.wirecard.controller.WirecardController.pay(javax.servlet.http.HttpServletRequest,com.wirecard.resource.response.ReadStorageResponse) throws java.io.IOException
2015-10-21 09:23:15.492  INFO 2418 --- [Test worker] s.w.s.m.m.a.RequestMappingHandlerMapping : Mapped "{[/wirecard],methods=[GET]}" onto public org.springframework.web.servlet.ModelAndView com.wirecard.controller.WirecardController.wirecard(javax.servlet.http.HttpServletRequest) throws java.io.IOException
2015-10-21 09:23:15.492  INFO 2418 --- [Test worker] s.w.s.m.m.a.RequestMappingHandlerMapping : Mapped "{[/storage],methods=[POST],consumes=[application/json],produces=[application/json]}" onto public com.wirecard.resource.response.ReadStorageResponse com.wirecard.controller.WirecardController.storage(com.wirecard.resource.response.ReadStorageResponse) throws java.io.IOException
2015-10-21 09:23:15.493  INFO 2418 --- [Test worker] s.w.s.m.m.a.RequestMappingHandlerMapping : Mapped "{[/confirm]}" onto public void com.wirecard.controller.WirecardController.confirm(javax.servlet.http.HttpServletRequest) throws java.io.IOException
2015-10-21 09:23:15.493  INFO 2418 --- [Test worker] s.w.s.m.m.a.RequestMappingHandlerMapping : Mapped "{[/success]}" onto public org.springframework.web.servlet.ModelAndView com.wirecard.controller.WirecardController.success() throws java.io.IOException
2015-10-21 09:23:15.493  INFO 2418 --- [Test worker] s.w.s.m.m.a.RequestMappingHandlerMapping : Mapped "{[/service]}" onto public org.springframework.web.servlet.ModelAndView com.wirecard.controller.WirecardController.service() throws java.io.IOException
2015-10-21 09:23:15.493  INFO 2418 --- [Test worker] s.w.s.m.m.a.RequestMappingHandlerMapping : Mapped "{[/fallback]}" onto public void com.wirecard.controller.WirecardController.fallback()
2015-10-21 09:23:15.494  INFO 2418 --- [Test worker] s.w.s.m.m.a.RequestMappingHandlerMapping : Mapped "{[/cancel]}" onto public org.springframework.web.servlet.ModelAndView com.wirecard.controller.WirecardController.cancel() throws java.io.IOException
2015-10-21 09:23:15.504  INFO 2418 --- [Test worker] s.w.s.m.m.a.RequestMappingHandlerMapping : Mapped "{[/error]}" onto public org.springframework.http.ResponseEntity<java.util.Map<java.lang.String, java.lang.Object>> org.springframework.boot.autoconfigure.web.BasicErrorController.error(javax.servlet.http.HttpServletRequest)
2015-10-21 09:23:15.505  INFO 2418 --- [Test worker] s.w.s.m.m.a.RequestMappingHandlerMapping : Mapped "{[/error],produces=[text/html]}" onto public org.springframework.web.servlet.ModelAndView org.springframework.boot.autoconfigure.web.BasicErrorController.errorHtml(javax.servlet.http.HttpServletRequest)
2015-10-21 09:23:15.547  INFO 2418 --- [Test worker] o.s.w.s.handler.SimpleUrlHandlerMapping  : Mapped URL path [/**] onto handler of type [class org.springframework.web.servlet.resource.DefaultServletHttpRequestHandler]
2015-10-21 09:23:15.829  INFO 2418 --- [Test worker] s.w.s.m.m.a.RequestMappingHandlerAdapter : Looking for @ControllerAdvice: org.springframework.web.context.support.GenericWebApplicationContext@5109f2ca: startup date [Wed Oct 21 09:23:13 CEST 2015]; root of context hierarchy
2015-10-21 09:23:16.759  INFO 2418 --- [Test worker] o.s.b.a.e.mvc.EndpointHandlerMapping     : Mapped "{[/manage/trace],methods=[GET]}" onto public java.lang.Object org.springframework.boot.actuate.endpoint.mvc.EndpointMvcAdapter.invoke()
2015-10-21 09:23:16.760  INFO 2418 --- [Test worker] o.s.b.a.e.mvc.EndpointHandlerMapping     : Mapped "{[/manage/dump],methods=[GET]}" onto public java.lang.Object org.springframework.boot.actuate.endpoint.mvc.EndpointMvcAdapter.invoke()
2015-10-21 09:23:16.761  INFO 2418 --- [Test worker] o.s.b.a.e.mvc.EndpointHandlerMapping     : Mapped "{[/manage/configprops],methods=[GET]}" onto public java.lang.Object org.springframework.boot.actuate.endpoint.mvc.EndpointMvcAdapter.invoke()
2015-10-21 09:23:16.762  INFO 2418 --- [Test worker] o.s.b.a.e.mvc.EndpointHandlerMapping     : Mapped "{[/manage/env/{name:.*}],methods=[GET]}" onto public java.lang.Object org.springframework.boot.actuate.endpoint.mvc.EnvironmentMvcEndpoint.value(java.lang.String)
2015-10-21 09:23:16.763  INFO 2418 --- [Test worker] o.s.b.a.e.mvc.EndpointHandlerMapping     : Mapped "{[/manage/env],methods=[GET]}" onto public java.lang.Object org.springframework.boot.actuate.endpoint.mvc.EndpointMvcAdapter.invoke()
2015-10-21 09:23:16.764  INFO 2418 --- [Test worker] o.s.b.a.e.mvc.EndpointHandlerMapping     : Mapped "{[/manage/mappings],methods=[GET]}" onto public java.lang.Object org.springframework.boot.actuate.endpoint.mvc.EndpointMvcAdapter.invoke()
2015-10-21 09:23:16.765  INFO 2418 --- [Test worker] o.s.b.a.e.mvc.EndpointHandlerMapping     : Mapped "{[/manage/beans],methods=[GET]}" onto public java.lang.Object org.springframework.boot.actuate.endpoint.mvc.EndpointMvcAdapter.invoke()
2015-10-21 09:23:16.765  INFO 2418 --- [Test worker] o.s.b.a.e.mvc.EndpointHandlerMapping     : Mapped "{[/manage/info],methods=[GET]}" onto public java.lang.Object org.springframework.boot.actuate.endpoint.mvc.EndpointMvcAdapter.invoke()
2015-10-21 09:23:16.766  INFO 2418 --- [Test worker] o.s.b.a.e.mvc.EndpointHandlerMapping     : Mapped "{[/manage/autoconfig],methods=[GET]}" onto public java.lang.Object org.springframework.boot.actuate.endpoint.mvc.EndpointMvcAdapter.invoke()
2015-10-21 09:23:16.767  INFO 2418 --- [Test worker] o.s.b.a.e.mvc.EndpointHandlerMapping     : Mapped "{[/manage/health]}" onto public java.lang.Object org.springframework.boot.actuate.endpoint.mvc.HealthMvcEndpoint.invoke(java.security.Principal)
2015-10-21 09:23:16.768  INFO 2418 --- [Test worker] o.s.b.a.e.mvc.EndpointHandlerMapping     : Mapped "{[/manage/metrics/{name:.*}],methods=[GET]}" onto public java.lang.Object org.springframework.boot.actuate.endpoint.mvc.MetricsMvcEndpoint.value(java.lang.String)
2015-10-21 09:23:16.769  INFO 2418 --- [Test worker] o.s.b.a.e.mvc.EndpointHandlerMapping     : Mapped "{[/manage/metrics],methods=[GET]}" onto public java.lang.Object org.springframework.boot.actuate.endpoint.mvc.EndpointMvcAdapter.invoke()
2015-10-21 09:23:17.018  INFO 2418 --- [Test worker] .WirecardSeamlessExampleApplicationTests : Started WirecardSeamlessExampleApplicationTests in 3.835 seconds (JVM running for 4.856)
2015-10-21 09:23:17.064  INFO 2418 --- [Test worker] o.s.t.c.web.WebTestContextBootstrapper   : Loaded default TestExecutionListener class names from location [META-INF/spring.factories]: [org.springframework.test.context.web.ServletTestExecutionListener, org.springframework.test.context.support.DependencyInjectionTestExecutionListener, org.springframework.test.context.support.DirtiesContextTestExecutionListener, org.springframework.test.context.transaction.TransactionalTestExecutionListener, org.springframework.test.context.jdbc.SqlScriptsTestExecutionListener]
2015-10-21 09:23:17.066  INFO 2418 --- [Test worker] o.s.t.c.web.WebTestContextBootstrapper   : Could not instantiate TestExecutionListener [org.springframework.test.context.jdbc.SqlScriptsTestExecutionListener]. Specify custom listener classes or make the default listener classes (and their required dependencies) available. Offending class: [org/springframework/transaction/interceptor/TransactionAttribute]
2015-10-21 09:23:17.067  INFO 2418 --- [Test worker] o.s.t.c.web.WebTestContextBootstrapper   : Could not instantiate TestExecutionListener [org.springframework.test.context.transaction.TransactionalTestExecutionListener]. Specify custom listener classes or make the default listener classes (and their required dependencies) available. Offending class: [org/springframework/transaction/interceptor/TransactionAttributeSource]
2015-10-21 09:23:17.067  INFO 2418 --- [Test worker] o.s.t.c.web.WebTestContextBootstrapper   : Using TestExecutionListeners: [org.springframework.test.context.web.ServletTestExecutionListener@b73e739, org.springframework.test.context.support.DependencyInjectionTestExecutionListener@6651550e, org.springframework.test.context.support.DirtiesContextTestExecutionListener@65a73e9c]
2015-10-21 09:24:13.590  INFO 2476 --- [Test worker] c.wirecard.service.WirecardServiceTest   : Starting WirecardServiceTest on Florian-mbp with PID 2476 (/Users/fch/personal/wirecard-example/build/classes/test started by fch in /Users/fch/personal/wirecard-example)
2015-10-21 09:24:13.681  INFO 2476 --- [Test worker] o.s.w.c.s.GenericWebApplicationContext   : Refreshing org.springframework.web.context.support.GenericWebApplicationContext@5eab078: startup date [Wed Oct 21 09:24:13 CEST 2015]; root of context hierarchy
2015-10-21 09:24:15.403  INFO 2476 --- [Test worker] s.w.s.m.m.a.RequestMappingHandlerMapping : Mapped "{[/]}" onto public java.lang.String com.wirecard.controller.WirecardController.index()
2015-10-21 09:24:15.403  INFO 2476 --- [Test worker] s.w.s.m.m.a.RequestMappingHandlerMapping : Mapped "{[/failure]}" onto public org.springframework.web.servlet.ModelAndView com.wirecard.controller.WirecardController.failure() throws java.io.IOException
2015-10-21 09:24:15.404  INFO 2476 --- [Test worker] s.w.s.m.m.a.RequestMappingHandlerMapping : Mapped "{[/pending]}" onto public org.springframework.web.servlet.ModelAndView com.wirecard.controller.WirecardController.pending() throws java.io.IOException
2015-10-21 09:24:15.404  INFO 2476 --- [Test worker] s.w.s.m.m.a.RequestMappingHandlerMapping : Mapped "{[/service]}" onto public org.springframework.web.servlet.ModelAndView com.wirecard.controller.WirecardController.service() throws java.io.IOException
2015-10-21 09:24:15.405  INFO 2476 --- [Test worker] s.w.s.m.m.a.RequestMappingHandlerMapping : Mapped "{[/storage],methods=[POST],consumes=[application/json],produces=[application/json]}" onto public com.wirecard.resource.response.ReadStorageResponse com.wirecard.controller.WirecardController.storage(com.wirecard.resource.response.ReadStorageResponse) throws java.io.IOException
2015-10-21 09:24:15.405  INFO 2476 --- [Test worker] s.w.s.m.m.a.RequestMappingHandlerMapping : Mapped "{[/wirecard],methods=[GET]}" onto public org.springframework.web.servlet.ModelAndView com.wirecard.controller.WirecardController.wirecard(javax.servlet.http.HttpServletRequest) throws java.io.IOException
2015-10-21 09:24:15.406  INFO 2476 --- [Test worker] s.w.s.m.m.a.RequestMappingHandlerMapping : Mapped "{[/pay],methods=[POST],consumes=[application/json],produces=[application/json]}" onto public com.wirecard.resource.response.InitPaymentResponse com.wirecard.controller.WirecardController.pay(javax.servlet.http.HttpServletRequest,com.wirecard.resource.response.ReadStorageResponse) throws java.io.IOException
2015-10-21 09:24:15.406  INFO 2476 --- [Test worker] s.w.s.m.m.a.RequestMappingHandlerMapping : Mapped "{[/confirm]}" onto public void com.wirecard.controller.WirecardController.confirm(javax.servlet.http.HttpServletRequest) throws java.io.IOException
2015-10-21 09:24:15.406  INFO 2476 --- [Test worker] s.w.s.m.m.a.RequestMappingHandlerMapping : Mapped "{[/success]}" onto public org.springframework.web.servlet.ModelAndView com.wirecard.controller.WirecardController.success() throws java.io.IOException
2015-10-21 09:24:15.407  INFO 2476 --- [Test worker] s.w.s.m.m.a.RequestMappingHandlerMapping : Mapped "{[/fallback]}" onto public void com.wirecard.controller.WirecardController.fallback()
2015-10-21 09:24:15.407  INFO 2476 --- [Test worker] s.w.s.m.m.a.RequestMappingHandlerMapping : Mapped "{[/cancel]}" onto public org.springframework.web.servlet.ModelAndView com.wirecard.controller.WirecardController.cancel() throws java.io.IOException
2015-10-21 09:24:15.420  INFO 2476 --- [Test worker] s.w.s.m.m.a.RequestMappingHandlerMapping : Mapped "{[/error]}" onto public org.springframework.http.ResponseEntity<java.util.Map<java.lang.String, java.lang.Object>> org.springframework.boot.autoconfigure.web.BasicErrorController.error(javax.servlet.http.HttpServletRequest)
2015-10-21 09:24:15.420  INFO 2476 --- [Test worker] s.w.s.m.m.a.RequestMappingHandlerMapping : Mapped "{[/error],produces=[text/html]}" onto public org.springframework.web.servlet.ModelAndView org.springframework.boot.autoconfigure.web.BasicErrorController.errorHtml(javax.servlet.http.HttpServletRequest)
2015-10-21 09:24:15.469  INFO 2476 --- [Test worker] o.s.w.s.handler.SimpleUrlHandlerMapping  : Mapped URL path [/**] onto handler of type [class org.springframework.web.servlet.resource.DefaultServletHttpRequestHandler]
2015-10-21 09:24:15.881  INFO 2476 --- [Test worker] s.w.s.m.m.a.RequestMappingHandlerAdapter : Looking for @ControllerAdvice: org.springframework.web.context.support.GenericWebApplicationContext@5eab078: startup date [Wed Oct 21 09:24:13 CEST 2015]; root of context hierarchy
2015-10-21 09:24:16.730  INFO 2476 --- [Test worker] o.s.b.a.e.mvc.EndpointHandlerMapping     : Mapped "{[/manage/mappings],methods=[GET]}" onto public java.lang.Object org.springframework.boot.actuate.endpoint.mvc.EndpointMvcAdapter.invoke()
2015-10-21 09:24:16.731  INFO 2476 --- [Test worker] o.s.b.a.e.mvc.EndpointHandlerMapping     : Mapped "{[/manage/dump],methods=[GET]}" onto public java.lang.Object org.springframework.boot.actuate.endpoint.mvc.EndpointMvcAdapter.invoke()
2015-10-21 09:24:16.732  INFO 2476 --- [Test worker] o.s.b.a.e.mvc.EndpointHandlerMapping     : Mapped "{[/manage/health]}" onto public java.lang.Object org.springframework.boot.actuate.endpoint.mvc.HealthMvcEndpoint.invoke(java.security.Principal)
2015-10-21 09:24:16.733  INFO 2476 --- [Test worker] o.s.b.a.e.mvc.EndpointHandlerMapping     : Mapped "{[/manage/autoconfig],methods=[GET]}" onto public java.lang.Object org.springframework.boot.actuate.endpoint.mvc.EndpointMvcAdapter.invoke()
2015-10-21 09:24:16.734  INFO 2476 --- [Test worker] o.s.b.a.e.mvc.EndpointHandlerMapping     : Mapped "{[/manage/configprops],methods=[GET]}" onto public java.lang.Object org.springframework.boot.actuate.endpoint.mvc.EndpointMvcAdapter.invoke()
2015-10-21 09:24:16.735  INFO 2476 --- [Test worker] o.s.b.a.e.mvc.EndpointHandlerMapping     : Mapped "{[/manage/metrics/{name:.*}],methods=[GET]}" onto public java.lang.Object org.springframework.boot.actuate.endpoint.mvc.MetricsMvcEndpoint.value(java.lang.String)
2015-10-21 09:24:16.735  INFO 2476 --- [Test worker] o.s.b.a.e.mvc.EndpointHandlerMapping     : Mapped "{[/manage/metrics],methods=[GET]}" onto public java.lang.Object org.springframework.boot.actuate.endpoint.mvc.EndpointMvcAdapter.invoke()
2015-10-21 09:24:16.736  INFO 2476 --- [Test worker] o.s.b.a.e.mvc.EndpointHandlerMapping     : Mapped "{[/manage/info],methods=[GET]}" onto public java.lang.Object org.springframework.boot.actuate.endpoint.mvc.EndpointMvcAdapter.invoke()
2015-10-21 09:24:16.737  INFO 2476 --- [Test worker] o.s.b.a.e.mvc.EndpointHandlerMapping     : Mapped "{[/manage/trace],methods=[GET]}" onto public java.lang.Object org.springframework.boot.actuate.endpoint.mvc.EndpointMvcAdapter.invoke()
2015-10-21 09:24:16.738  INFO 2476 --- [Test worker] o.s.b.a.e.mvc.EndpointHandlerMapping     : Mapped "{[/manage/beans],methods=[GET]}" onto public java.lang.Object org.springframework.boot.actuate.endpoint.mvc.EndpointMvcAdapter.invoke()
2015-10-21 09:24:16.739  INFO 2476 --- [Test worker] o.s.b.a.e.mvc.EndpointHandlerMapping     : Mapped "{[/manage/env/{name:.*}],methods=[GET]}" onto public java.lang.Object org.springframework.boot.actuate.endpoint.mvc.EnvironmentMvcEndpoint.value(java.lang.String)
2015-10-21 09:24:16.739  INFO 2476 --- [Test worker] o.s.b.a.e.mvc.EndpointHandlerMapping     : Mapped "{[/manage/env],methods=[GET]}" onto public java.lang.Object org.springframework.boot.actuate.endpoint.mvc.EndpointMvcAdapter.invoke()
2015-10-21 09:24:16.923  INFO 2476 --- [Test worker] c.wirecard.service.WirecardServiceTest   : Started WirecardServiceTest in 3.594 seconds (JVM running for 4.762)
2015-10-21 09:36:31.458  INFO 3088 --- [Test worker] c.wirecard.service.WirecardServiceTest   : Starting WirecardServiceTest on Florian-mbp with PID 3088 (/Users/fch/personal/wirecard-example/build/classes/test started by fch in /Users/fch/personal/wirecard-example)
2015-10-21 09:36:31.544  INFO 3088 --- [Test worker] o.s.w.c.s.GenericWebApplicationContext   : Refreshing org.springframework.web.context.support.GenericWebApplicationContext@5eab078: startup date [Wed Oct 21 09:36:31 CEST 2015]; root of context hierarchy
2015-10-21 09:36:33.356  INFO 3088 --- [Test worker] s.w.s.m.m.a.RequestMappingHandlerMapping : Mapped "{[/]}" onto public java.lang.String com.wirecard.controller.WirecardController.index()
2015-10-21 09:36:33.358  INFO 3088 --- [Test worker] s.w.s.m.m.a.RequestMappingHandlerMapping : Mapped "{[/failure]}" onto public org.springframework.web.servlet.ModelAndView com.wirecard.controller.WirecardController.failure() throws java.io.IOException
2015-10-21 09:36:33.359  INFO 3088 --- [Test worker] s.w.s.m.m.a.RequestMappingHandlerMapping : Mapped "{[/pending]}" onto public org.springframework.web.servlet.ModelAndView com.wirecard.controller.WirecardController.pending() throws java.io.IOException
2015-10-21 09:36:33.360  INFO 3088 --- [Test worker] s.w.s.m.m.a.RequestMappingHandlerMapping : Mapped "{[/service]}" onto public org.springframework.web.servlet.ModelAndView com.wirecard.controller.WirecardController.service() throws java.io.IOException
2015-10-21 09:36:33.361  INFO 3088 --- [Test worker] s.w.s.m.m.a.RequestMappingHandlerMapping : Mapped "{[/pay],methods=[POST],consumes=[application/json],produces=[application/json]}" onto public com.wirecard.resource.response.InitPaymentResponse com.wirecard.controller.WirecardController.pay(javax.servlet.http.HttpServletRequest,com.wirecard.resource.response.ReadStorageResponse) throws java.io.IOException
2015-10-21 09:36:33.362  INFO 3088 --- [Test worker] s.w.s.m.m.a.RequestMappingHandlerMapping : Mapped "{[/wirecard],methods=[GET]}" onto public org.springframework.web.servlet.ModelAndView com.wirecard.controller.WirecardController.wirecard(javax.servlet.http.HttpServletRequest) throws java.io.IOException
2015-10-21 09:36:33.362  INFO 3088 --- [Test worker] s.w.s.m.m.a.RequestMappingHandlerMapping : Mapped "{[/confirm]}" onto public void com.wirecard.controller.WirecardController.confirm(javax.servlet.http.HttpServletRequest) throws java.io.IOException
2015-10-21 09:36:33.363  INFO 3088 --- [Test worker] s.w.s.m.m.a.RequestMappingHandlerMapping : Mapped "{[/success]}" onto public org.springframework.web.servlet.ModelAndView com.wirecard.controller.WirecardController.success() throws java.io.IOException
2015-10-21 09:36:33.364  INFO 3088 --- [Test worker] s.w.s.m.m.a.RequestMappingHandlerMapping : Mapped "{[/fallback]}" onto public void com.wirecard.controller.WirecardController.fallback()
2015-10-21 09:36:33.364  INFO 3088 --- [Test worker] s.w.s.m.m.a.RequestMappingHandlerMapping : Mapped "{[/storage],methods=[POST],consumes=[application/json],produces=[application/json]}" onto public com.wirecard.resource.response.ReadStorageResponse com.wirecard.controller.WirecardController.storage(com.wirecard.resource.response.ReadStorageResponse) throws java.io.IOException
2015-10-21 09:36:33.364  INFO 3088 --- [Test worker] s.w.s.m.m.a.RequestMappingHandlerMapping : Mapped "{[/cancel]}" onto public org.springframework.web.servlet.ModelAndView com.wirecard.controller.WirecardController.cancel() throws java.io.IOException
2015-10-21 09:36:33.388  INFO 3088 --- [Test worker] s.w.s.m.m.a.RequestMappingHandlerMapping : Mapped "{[/error]}" onto public org.springframework.http.ResponseEntity<java.util.Map<java.lang.String, java.lang.Object>> org.springframework.boot.autoconfigure.web.BasicErrorController.error(javax.servlet.http.HttpServletRequest)
2015-10-21 09:36:33.389  INFO 3088 --- [Test worker] s.w.s.m.m.a.RequestMappingHandlerMapping : Mapped "{[/error],produces=[text/html]}" onto public org.springframework.web.servlet.ModelAndView org.springframework.boot.autoconfigure.web.BasicErrorController.errorHtml(javax.servlet.http.HttpServletRequest)
2015-10-21 09:36:33.439  INFO 3088 --- [Test worker] o.s.w.s.handler.SimpleUrlHandlerMapping  : Mapped URL path [/**] onto handler of type [class org.springframework.web.servlet.resource.DefaultServletHttpRequestHandler]
2015-10-21 09:36:33.839  INFO 3088 --- [Test worker] s.w.s.m.m.a.RequestMappingHandlerAdapter : Looking for @ControllerAdvice: org.springframework.web.context.support.GenericWebApplicationContext@5eab078: startup date [Wed Oct 21 09:36:31 CEST 2015]; root of context hierarchy
2015-10-21 09:36:34.660  INFO 3088 --- [Test worker] o.s.b.a.e.mvc.EndpointHandlerMapping     : Mapped "{[/manage/mappings],methods=[GET]}" onto public java.lang.Object org.springframework.boot.actuate.endpoint.mvc.EndpointMvcAdapter.invoke()
2015-10-21 09:36:34.661  INFO 3088 --- [Test worker] o.s.b.a.e.mvc.EndpointHandlerMapping     : Mapped "{[/manage/dump],methods=[GET]}" onto public java.lang.Object org.springframework.boot.actuate.endpoint.mvc.EndpointMvcAdapter.invoke()
2015-10-21 09:36:34.663  INFO 3088 --- [Test worker] o.s.b.a.e.mvc.EndpointHandlerMapping     : Mapped "{[/manage/health]}" onto public java.lang.Object org.springframework.boot.actuate.endpoint.mvc.HealthMvcEndpoint.invoke(java.security.Principal)
2015-10-21 09:36:34.664  INFO 3088 --- [Test worker] o.s.b.a.e.mvc.EndpointHandlerMapping     : Mapped "{[/manage/autoconfig],methods=[GET]}" onto public java.lang.Object org.springframework.boot.actuate.endpoint.mvc.EndpointMvcAdapter.invoke()
2015-10-21 09:36:34.665  INFO 3088 --- [Test worker] o.s.b.a.e.mvc.EndpointHandlerMapping     : Mapped "{[/manage/configprops],methods=[GET]}" onto public java.lang.Object org.springframework.boot.actuate.endpoint.mvc.EndpointMvcAdapter.invoke()
2015-10-21 09:36:34.667  INFO 3088 --- [Test worker] o.s.b.a.e.mvc.EndpointHandlerMapping     : Mapped "{[/manage/metrics/{name:.*}],methods=[GET]}" onto public java.lang.Object org.springframework.boot.actuate.endpoint.mvc.MetricsMvcEndpoint.value(java.lang.String)
2015-10-21 09:36:34.667  INFO 3088 --- [Test worker] o.s.b.a.e.mvc.EndpointHandlerMapping     : Mapped "{[/manage/metrics],methods=[GET]}" onto public java.lang.Object org.springframework.boot.actuate.endpoint.mvc.EndpointMvcAdapter.invoke()
2015-10-21 09:36:34.668  INFO 3088 --- [Test worker] o.s.b.a.e.mvc.EndpointHandlerMapping     : Mapped "{[/manage/info],methods=[GET]}" onto public java.lang.Object org.springframework.boot.actuate.endpoint.mvc.EndpointMvcAdapter.invoke()
2015-10-21 09:36:34.669  INFO 3088 --- [Test worker] o.s.b.a.e.mvc.EndpointHandlerMapping     : Mapped "{[/manage/trace],methods=[GET]}" onto public java.lang.Object org.springframework.boot.actuate.endpoint.mvc.EndpointMvcAdapter.invoke()
2015-10-21 09:36:34.671  INFO 3088 --- [Test worker] o.s.b.a.e.mvc.EndpointHandlerMapping     : Mapped "{[/manage/beans],methods=[GET]}" onto public java.lang.Object org.springframework.boot.actuate.endpoint.mvc.EndpointMvcAdapter.invoke()
2015-10-21 09:36:34.672  INFO 3088 --- [Test worker] o.s.b.a.e.mvc.EndpointHandlerMapping     : Mapped "{[/manage/env/{name:.*}],methods=[GET]}" onto public java.lang.Object org.springframework.boot.actuate.endpoint.mvc.EnvironmentMvcEndpoint.value(java.lang.String)
2015-10-21 09:36:34.674  INFO 3088 --- [Test worker] o.s.b.a.e.mvc.EndpointHandlerMapping     : Mapped "{[/manage/env],methods=[GET]}" onto public java.lang.Object org.springframework.boot.actuate.endpoint.mvc.EndpointMvcAdapter.invoke()
2015-10-21 09:36:34.880  INFO 3088 --- [Test worker] c.wirecard.service.WirecardServiceTest   : Started WirecardServiceTest in 3.743 seconds (JVM running for 4.963)
2015-10-21 09:41:03.820  INFO 3311 --- [Test worker] c.wirecard.service.WirecardServiceTest   : Starting WirecardServiceTest on Florian-mbp with PID 3311 (/Users/fch/personal/wirecard-example/build/classes/test started by fch in /Users/fch/personal/wirecard-example)
2015-10-21 09:41:03.885  INFO 3311 --- [Test worker] o.s.w.c.s.GenericWebApplicationContext   : Refreshing org.springframework.web.context.support.GenericWebApplicationContext@5822c55f: startup date [Wed Oct 21 09:41:03 CEST 2015]; root of context hierarchy
2015-10-21 09:41:05.583  INFO 3311 --- [Test worker] s.w.s.m.m.a.RequestMappingHandlerMapping : Mapped "{[/]}" onto public java.lang.String com.wirecard.controller.WirecardController.index()
2015-10-21 09:41:05.584  INFO 3311 --- [Test worker] s.w.s.m.m.a.RequestMappingHandlerMapping : Mapped "{[/failure]}" onto public org.springframework.web.servlet.ModelAndView com.wirecard.controller.WirecardController.failure() throws java.io.IOException
2015-10-21 09:41:05.584  INFO 3311 --- [Test worker] s.w.s.m.m.a.RequestMappingHandlerMapping : Mapped "{[/pending]}" onto public org.springframework.web.servlet.ModelAndView com.wirecard.controller.WirecardController.pending() throws java.io.IOException
2015-10-21 09:41:05.585  INFO 3311 --- [Test worker] s.w.s.m.m.a.RequestMappingHandlerMapping : Mapped "{[/fallback]}" onto public void com.wirecard.controller.WirecardController.fallback()
2015-10-21 09:41:05.586  INFO 3311 --- [Test worker] s.w.s.m.m.a.RequestMappingHandlerMapping : Mapped "{[/pay],methods=[POST],consumes=[application/json],produces=[application/json]}" onto public com.wirecard.resource.response.InitPaymentResponse com.wirecard.controller.WirecardController.pay(javax.servlet.http.HttpServletRequest,com.wirecard.resource.response.ReadStorageResponse) throws java.io.IOException
2015-10-21 09:41:05.588  INFO 3311 --- [Test worker] s.w.s.m.m.a.RequestMappingHandlerMapping : Mapped "{[/wirecard],methods=[GET]}" onto public org.springframework.web.servlet.ModelAndView com.wirecard.controller.WirecardController.wirecard(javax.servlet.http.HttpServletRequest) throws java.io.IOException
2015-10-21 09:41:05.588  INFO 3311 --- [Test worker] s.w.s.m.m.a.RequestMappingHandlerMapping : Mapped "{[/confirm]}" onto public void com.wirecard.controller.WirecardController.confirm(javax.servlet.http.HttpServletRequest) throws java.io.IOException
2015-10-21 09:41:05.588  INFO 3311 --- [Test worker] s.w.s.m.m.a.RequestMappingHandlerMapping : Mapped "{[/success]}" onto public org.springframework.web.servlet.ModelAndView com.wirecard.controller.WirecardController.success() throws java.io.IOException
2015-10-21 09:41:05.589  INFO 3311 --- [Test worker] s.w.s.m.m.a.RequestMappingHandlerMapping : Mapped "{[/service]}" onto public org.springframework.web.servlet.ModelAndView com.wirecard.controller.WirecardController.service() throws java.io.IOException
2015-10-21 09:41:05.589  INFO 3311 --- [Test worker] s.w.s.m.m.a.RequestMappingHandlerMapping : Mapped "{[/storage],methods=[POST],consumes=[application/json],produces=[application/json]}" onto public com.wirecard.resource.response.ReadStorageResponse com.wirecard.controller.WirecardController.storage(com.wirecard.resource.response.ReadStorageResponse) throws java.io.IOException
2015-10-21 09:41:05.589  INFO 3311 --- [Test worker] s.w.s.m.m.a.RequestMappingHandlerMapping : Mapped "{[/cancel]}" onto public org.springframework.web.servlet.ModelAndView com.wirecard.controller.WirecardController.cancel() throws java.io.IOException
2015-10-21 09:41:05.603  INFO 3311 --- [Test worker] s.w.s.m.m.a.RequestMappingHandlerMapping : Mapped "{[/error]}" onto public org.springframework.http.ResponseEntity<java.util.Map<java.lang.String, java.lang.Object>> org.springframework.boot.autoconfigure.web.BasicErrorController.error(javax.servlet.http.HttpServletRequest)
2015-10-21 09:41:05.603  INFO 3311 --- [Test worker] s.w.s.m.m.a.RequestMappingHandlerMapping : Mapped "{[/error],produces=[text/html]}" onto public org.springframework.web.servlet.ModelAndView org.springframework.boot.autoconfigure.web.BasicErrorController.errorHtml(javax.servlet.http.HttpServletRequest)
2015-10-21 09:41:05.652  INFO 3311 --- [Test worker] o.s.w.s.handler.SimpleUrlHandlerMapping  : Mapped URL path [/**] onto handler of type [class org.springframework.web.servlet.resource.DefaultServletHttpRequestHandler]
2015-10-21 09:41:06.060  INFO 3311 --- [Test worker] s.w.s.m.m.a.RequestMappingHandlerAdapter : Looking for @ControllerAdvice: org.springframework.web.context.support.GenericWebApplicationContext@5822c55f: startup date [Wed Oct 21 09:41:03 CEST 2015]; root of context hierarchy
2015-10-21 09:41:06.846  INFO 3311 --- [Test worker] o.s.b.a.e.mvc.EndpointHandlerMapping     : Mapped "{[/manage/metrics/{name:.*}],methods=[GET]}" onto public java.lang.Object org.springframework.boot.actuate.endpoint.mvc.MetricsMvcEndpoint.value(java.lang.String)
2015-10-21 09:41:06.847  INFO 3311 --- [Test worker] o.s.b.a.e.mvc.EndpointHandlerMapping     : Mapped "{[/manage/metrics],methods=[GET]}" onto public java.lang.Object org.springframework.boot.actuate.endpoint.mvc.EndpointMvcAdapter.invoke()
2015-10-21 09:41:06.848  INFO 3311 --- [Test worker] o.s.b.a.e.mvc.EndpointHandlerMapping     : Mapped "{[/manage/info],methods=[GET]}" onto public java.lang.Object org.springframework.boot.actuate.endpoint.mvc.EndpointMvcAdapter.invoke()
2015-10-21 09:41:06.850  INFO 3311 --- [Test worker] o.s.b.a.e.mvc.EndpointHandlerMapping     : Mapped "{[/manage/env/{name:.*}],methods=[GET]}" onto public java.lang.Object org.springframework.boot.actuate.endpoint.mvc.EnvironmentMvcEndpoint.value(java.lang.String)
2015-10-21 09:41:06.850  INFO 3311 --- [Test worker] o.s.b.a.e.mvc.EndpointHandlerMapping     : Mapped "{[/manage/env],methods=[GET]}" onto public java.lang.Object org.springframework.boot.actuate.endpoint.mvc.EndpointMvcAdapter.invoke()
2015-10-21 09:41:06.851  INFO 3311 --- [Test worker] o.s.b.a.e.mvc.EndpointHandlerMapping     : Mapped "{[/manage/health]}" onto public java.lang.Object org.springframework.boot.actuate.endpoint.mvc.HealthMvcEndpoint.invoke(java.security.Principal)
2015-10-21 09:41:06.852  INFO 3311 --- [Test worker] o.s.b.a.e.mvc.EndpointHandlerMapping     : Mapped "{[/manage/autoconfig],methods=[GET]}" onto public java.lang.Object org.springframework.boot.actuate.endpoint.mvc.EndpointMvcAdapter.invoke()
2015-10-21 09:41:06.853  INFO 3311 --- [Test worker] o.s.b.a.e.mvc.EndpointHandlerMapping     : Mapped "{[/manage/configprops],methods=[GET]}" onto public java.lang.Object org.springframework.boot.actuate.endpoint.mvc.EndpointMvcAdapter.invoke()
2015-10-21 09:41:06.854  INFO 3311 --- [Test worker] o.s.b.a.e.mvc.EndpointHandlerMapping     : Mapped "{[/manage/beans],methods=[GET]}" onto public java.lang.Object org.springframework.boot.actuate.endpoint.mvc.EndpointMvcAdapter.invoke()
2015-10-21 09:41:06.855  INFO 3311 --- [Test worker] o.s.b.a.e.mvc.EndpointHandlerMapping     : Mapped "{[/manage/trace],methods=[GET]}" onto public java.lang.Object org.springframework.boot.actuate.endpoint.mvc.EndpointMvcAdapter.invoke()
2015-10-21 09:41:06.855  INFO 3311 --- [Test worker] o.s.b.a.e.mvc.EndpointHandlerMapping     : Mapped "{[/manage/mappings],methods=[GET]}" onto public java.lang.Object org.springframework.boot.actuate.endpoint.mvc.EndpointMvcAdapter.invoke()
2015-10-21 09:41:06.856  INFO 3311 --- [Test worker] o.s.b.a.e.mvc.EndpointHandlerMapping     : Mapped "{[/manage/dump],methods=[GET]}" onto public java.lang.Object org.springframework.boot.actuate.endpoint.mvc.EndpointMvcAdapter.invoke()
2015-10-21 09:41:07.047  INFO 3311 --- [Test worker] c.wirecard.service.WirecardServiceTest   : Started WirecardServiceTest in 3.508 seconds (JVM running for 4.668)
2015-10-21 09:41:25.079  INFO 3329 --- [Test worker] c.wirecard.service.WirecardServiceTest   : Starting WirecardServiceTest on Florian-mbp with PID 3329 (/Users/fch/personal/wirecard-example/build/classes/test started by fch in /Users/fch/personal/wirecard-example)
2015-10-21 09:41:25.150  INFO 3329 --- [Test worker] o.s.w.c.s.GenericWebApplicationContext   : Refreshing org.springframework.web.context.support.GenericWebApplicationContext@77f81af5: startup date [Wed Oct 21 09:41:25 CEST 2015]; root of context hierarchy
2015-10-21 09:41:26.831  INFO 3329 --- [Test worker] s.w.s.m.m.a.RequestMappingHandlerMapping : Mapped "{[/]}" onto public java.lang.String com.wirecard.controller.WirecardController.index()
2015-10-21 09:41:26.832  INFO 3329 --- [Test worker] s.w.s.m.m.a.RequestMappingHandlerMapping : Mapped "{[/failure]}" onto public org.springframework.web.servlet.ModelAndView com.wirecard.controller.WirecardController.failure() throws java.io.IOException
2015-10-21 09:41:26.832  INFO 3329 --- [Test worker] s.w.s.m.m.a.RequestMappingHandlerMapping : Mapped "{[/pending]}" onto public org.springframework.web.servlet.ModelAndView com.wirecard.controller.WirecardController.pending() throws java.io.IOException
2015-10-21 09:41:26.833  INFO 3329 --- [Test worker] s.w.s.m.m.a.RequestMappingHandlerMapping : Mapped "{[/wirecard],methods=[GET]}" onto public org.springframework.web.servlet.ModelAndView com.wirecard.controller.WirecardController.wirecard(javax.servlet.http.HttpServletRequest) throws java.io.IOException
2015-10-21 09:41:26.833  INFO 3329 --- [Test worker] s.w.s.m.m.a.RequestMappingHandlerMapping : Mapped "{[/pay],methods=[POST],consumes=[application/json],produces=[application/json]}" onto public com.wirecard.resource.response.InitPaymentResponse com.wirecard.controller.WirecardController.pay(javax.servlet.http.HttpServletRequest,com.wirecard.resource.response.ReadStorageResponse) throws java.io.IOException
2015-10-21 09:41:26.834  INFO 3329 --- [Test worker] s.w.s.m.m.a.RequestMappingHandlerMapping : Mapped "{[/confirm]}" onto public void com.wirecard.controller.WirecardController.confirm(javax.servlet.http.HttpServletRequest) throws java.io.IOException
2015-10-21 09:41:26.834  INFO 3329 --- [Test worker] s.w.s.m.m.a.RequestMappingHandlerMapping : Mapped "{[/success]}" onto public org.springframework.web.servlet.ModelAndView com.wirecard.controller.WirecardController.success() throws java.io.IOException
2015-10-21 09:41:26.834  INFO 3329 --- [Test worker] s.w.s.m.m.a.RequestMappingHandlerMapping : Mapped "{[/service]}" onto public org.springframework.web.servlet.ModelAndView com.wirecard.controller.WirecardController.service() throws java.io.IOException
2015-10-21 09:41:26.835  INFO 3329 --- [Test worker] s.w.s.m.m.a.RequestMappingHandlerMapping : Mapped "{[/fallback]}" onto public void com.wirecard.controller.WirecardController.fallback()
2015-10-21 09:41:26.835  INFO 3329 --- [Test worker] s.w.s.m.m.a.RequestMappingHandlerMapping : Mapped "{[/storage],methods=[POST],consumes=[application/json],produces=[application/json]}" onto public com.wirecard.resource.response.ReadStorageResponse com.wirecard.controller.WirecardController.storage(com.wirecard.resource.response.ReadStorageResponse) throws java.io.IOException
2015-10-21 09:41:26.835  INFO 3329 --- [Test worker] s.w.s.m.m.a.RequestMappingHandlerMapping : Mapped "{[/cancel]}" onto public org.springframework.web.servlet.ModelAndView com.wirecard.controller.WirecardController.cancel() throws java.io.IOException
2015-10-21 09:41:26.849  INFO 3329 --- [Test worker] s.w.s.m.m.a.RequestMappingHandlerMapping : Mapped "{[/error]}" onto public org.springframework.http.ResponseEntity<java.util.Map<java.lang.String, java.lang.Object>> org.springframework.boot.autoconfigure.web.BasicErrorController.error(javax.servlet.http.HttpServletRequest)
2015-10-21 09:41:26.849  INFO 3329 --- [Test worker] s.w.s.m.m.a.RequestMappingHandlerMapping : Mapped "{[/error],produces=[text/html]}" onto public org.springframework.web.servlet.ModelAndView org.springframework.boot.autoconfigure.web.BasicErrorController.errorHtml(javax.servlet.http.HttpServletRequest)
2015-10-21 09:41:26.891  INFO 3329 --- [Test worker] o.s.w.s.handler.SimpleUrlHandlerMapping  : Mapped URL path [/**] onto handler of type [class org.springframework.web.servlet.resource.DefaultServletHttpRequestHandler]
2015-10-21 09:41:27.247  INFO 3329 --- [Test worker] s.w.s.m.m.a.RequestMappingHandlerAdapter : Looking for @ControllerAdvice: org.springframework.web.context.support.GenericWebApplicationContext@77f81af5: startup date [Wed Oct 21 09:41:25 CEST 2015]; root of context hierarchy
2015-10-21 09:41:28.084  INFO 3329 --- [Test worker] o.s.b.a.e.mvc.EndpointHandlerMapping     : Mapped "{[/manage/beans],methods=[GET]}" onto public java.lang.Object org.springframework.boot.actuate.endpoint.mvc.EndpointMvcAdapter.invoke()
2015-10-21 09:41:28.088  INFO 3329 --- [Test worker] o.s.b.a.e.mvc.EndpointHandlerMapping     : Mapped "{[/manage/metrics/{name:.*}],methods=[GET]}" onto public java.lang.Object org.springframework.boot.actuate.endpoint.mvc.MetricsMvcEndpoint.value(java.lang.String)
2015-10-21 09:41:28.088  INFO 3329 --- [Test worker] o.s.b.a.e.mvc.EndpointHandlerMapping     : Mapped "{[/manage/metrics],methods=[GET]}" onto public java.lang.Object org.springframework.boot.actuate.endpoint.mvc.EndpointMvcAdapter.invoke()
2015-10-21 09:41:28.090  INFO 3329 --- [Test worker] o.s.b.a.e.mvc.EndpointHandlerMapping     : Mapped "{[/manage/trace],methods=[GET]}" onto public java.lang.Object org.springframework.boot.actuate.endpoint.mvc.EndpointMvcAdapter.invoke()
2015-10-21 09:41:28.091  INFO 3329 --- [Test worker] o.s.b.a.e.mvc.EndpointHandlerMapping     : Mapped "{[/manage/configprops],methods=[GET]}" onto public java.lang.Object org.springframework.boot.actuate.endpoint.mvc.EndpointMvcAdapter.invoke()
2015-10-21 09:41:28.092  INFO 3329 --- [Test worker] o.s.b.a.e.mvc.EndpointHandlerMapping     : Mapped "{[/manage/dump],methods=[GET]}" onto public java.lang.Object org.springframework.boot.actuate.endpoint.mvc.EndpointMvcAdapter.invoke()
2015-10-21 09:41:28.093  INFO 3329 --- [Test worker] o.s.b.a.e.mvc.EndpointHandlerMapping     : Mapped "{[/manage/mappings],methods=[GET]}" onto public java.lang.Object org.springframework.boot.actuate.endpoint.mvc.EndpointMvcAdapter.invoke()
2015-10-21 09:41:28.094  INFO 3329 --- [Test worker] o.s.b.a.e.mvc.EndpointHandlerMapping     : Mapped "{[/manage/info],methods=[GET]}" onto public java.lang.Object org.springframework.boot.actuate.endpoint.mvc.EndpointMvcAdapter.invoke()
2015-10-21 09:41:28.095  INFO 3329 --- [Test worker] o.s.b.a.e.mvc.EndpointHandlerMapping     : Mapped "{[/manage/autoconfig],methods=[GET]}" onto public java.lang.Object org.springframework.boot.actuate.endpoint.mvc.EndpointMvcAdapter.invoke()
2015-10-21 09:41:28.097  INFO 3329 --- [Test worker] o.s.b.a.e.mvc.EndpointHandlerMapping     : Mapped "{[/manage/env/{name:.*}],methods=[GET]}" onto public java.lang.Object org.springframework.boot.actuate.endpoint.mvc.EnvironmentMvcEndpoint.value(java.lang.String)
2015-10-21 09:41:28.097  INFO 3329 --- [Test worker] o.s.b.a.e.mvc.EndpointHandlerMapping     : Mapped "{[/manage/env],methods=[GET]}" onto public java.lang.Object org.springframework.boot.actuate.endpoint.mvc.EndpointMvcAdapter.invoke()
2015-10-21 09:41:28.099  INFO 3329 --- [Test worker] o.s.b.a.e.mvc.EndpointHandlerMapping     : Mapped "{[/manage/health]}" onto public java.lang.Object org.springframework.boot.actuate.endpoint.mvc.HealthMvcEndpoint.invoke(java.security.Principal)
2015-10-21 09:41:28.274  INFO 3329 --- [Test worker] c.wirecard.service.WirecardServiceTest   : Started WirecardServiceTest in 3.493 seconds (JVM running for 4.666)
2015-10-21 10:59:55.997  INFO 7213 --- [Test worker] .WirecardSeamlessExampleApplicationTests : Starting WirecardSeamlessExampleApplicationTests on Florian-mbp with PID 7213 (/Users/fch/personal/wirecard-example/build/classes/test started by fch in /Users/fch/personal/wirecard-example)
2015-10-21 10:59:56.068  INFO 7213 --- [Test worker] o.s.w.c.s.GenericWebApplicationContext   : Refreshing org.springframework.web.context.support.GenericWebApplicationContext@3553d71d: startup date [Wed Oct 21 10:59:56 CEST 2015]; root of context hierarchy
2015-10-21 10:59:57.943  INFO 7213 --- [Test worker] s.w.s.m.m.a.RequestMappingHandlerMapping : Mapped "{[/failure]}" onto public org.springframework.web.servlet.ModelAndView com.wirecard.controller.WirecardController.failure() throws java.io.IOException
2015-10-21 10:59:57.944  INFO 7213 --- [Test worker] s.w.s.m.m.a.RequestMappingHandlerMapping : Mapped "{[/pending]}" onto public org.springframework.web.servlet.ModelAndView com.wirecard.controller.WirecardController.pending() throws java.io.IOException
2015-10-21 10:59:57.944  INFO 7213 --- [Test worker] s.w.s.m.m.a.RequestMappingHandlerMapping : Mapped "{[/]}" onto public java.lang.String com.wirecard.controller.WirecardController.index()
2015-10-21 10:59:57.945  INFO 7213 --- [Test worker] s.w.s.m.m.a.RequestMappingHandlerMapping : Mapped "{[/service]}" onto public org.springframework.web.servlet.ModelAndView com.wirecard.controller.WirecardController.service() throws java.io.IOException
2015-10-21 10:59:57.945  INFO 7213 --- [Test worker] s.w.s.m.m.a.RequestMappingHandlerMapping : Mapped "{[/fallback]}" onto public void com.wirecard.controller.WirecardController.fallback()
2015-10-21 10:59:57.946  INFO 7213 --- [Test worker] s.w.s.m.m.a.RequestMappingHandlerMapping : Mapped "{[/cancel]}" onto public org.springframework.web.servlet.ModelAndView com.wirecard.controller.WirecardController.cancel() throws java.io.IOException
2015-10-21 10:59:57.947  INFO 7213 --- [Test worker] s.w.s.m.m.a.RequestMappingHandlerMapping : Mapped "{[/pay],methods=[POST],consumes=[application/json],produces=[application/json]}" onto public com.wirecard.resource.response.InitPaymentResponse com.wirecard.controller.WirecardController.pay(javax.servlet.http.HttpServletRequest,com.wirecard.resource.response.ReadStorageResponse) throws java.io.IOException
2015-10-21 10:59:57.947  INFO 7213 --- [Test worker] s.w.s.m.m.a.RequestMappingHandlerMapping : Mapped "{[/wirecard],methods=[GET]}" onto public org.springframework.web.servlet.ModelAndView com.wirecard.controller.WirecardController.wirecard(javax.servlet.http.HttpServletRequest) throws java.io.IOException
2015-10-21 10:59:57.948  INFO 7213 --- [Test worker] s.w.s.m.m.a.RequestMappingHandlerMapping : Mapped "{[/storage],methods=[POST],consumes=[application/json],produces=[application/json]}" onto public com.wirecard.resource.response.ReadStorageResponse com.wirecard.controller.WirecardController.storage(com.wirecard.resource.response.ReadStorageResponse) throws java.io.IOException
2015-10-21 10:59:57.948  INFO 7213 --- [Test worker] s.w.s.m.m.a.RequestMappingHandlerMapping : Mapped "{[/confirm]}" onto public void com.wirecard.controller.WirecardController.confirm(javax.servlet.http.HttpServletRequest) throws java.io.IOException
2015-10-21 10:59:57.949  INFO 7213 --- [Test worker] s.w.s.m.m.a.RequestMappingHandlerMapping : Mapped "{[/success]}" onto public org.springframework.web.servlet.ModelAndView com.wirecard.controller.WirecardController.success() throws java.io.IOException
2015-10-21 10:59:57.965  INFO 7213 --- [Test worker] s.w.s.m.m.a.RequestMappingHandlerMapping : Mapped "{[/error]}" onto public org.springframework.http.ResponseEntity<java.util.Map<java.lang.String, java.lang.Object>> org.springframework.boot.autoconfigure.web.BasicErrorController.error(javax.servlet.http.HttpServletRequest)
2015-10-21 10:59:57.965  INFO 7213 --- [Test worker] s.w.s.m.m.a.RequestMappingHandlerMapping : Mapped "{[/error],produces=[text/html]}" onto public org.springframework.web.servlet.ModelAndView org.springframework.boot.autoconfigure.web.BasicErrorController.errorHtml(javax.servlet.http.HttpServletRequest)
2015-10-21 10:59:58.017  INFO 7213 --- [Test worker] o.s.w.s.handler.SimpleUrlHandlerMapping  : Mapped URL path [/**] onto handler of type [class org.springframework.web.servlet.resource.DefaultServletHttpRequestHandler]
2015-10-21 10:59:58.311  INFO 7213 --- [Test worker] s.w.s.m.m.a.RequestMappingHandlerAdapter : Looking for @ControllerAdvice: org.springframework.web.context.support.GenericWebApplicationContext@3553d71d: startup date [Wed Oct 21 10:59:56 CEST 2015]; root of context hierarchy
2015-10-21 10:59:59.267  INFO 7213 --- [Test worker] o.s.b.a.e.mvc.EndpointHandlerMapping     : Mapped "{[/manage/health]}" onto public java.lang.Object org.springframework.boot.actuate.endpoint.mvc.HealthMvcEndpoint.invoke(java.security.Principal)
2015-10-21 10:59:59.268  INFO 7213 --- [Test worker] o.s.b.a.e.mvc.EndpointHandlerMapping     : Mapped "{[/manage/info],methods=[GET]}" onto public java.lang.Object org.springframework.boot.actuate.endpoint.mvc.EndpointMvcAdapter.invoke()
2015-10-21 10:59:59.269  INFO 7213 --- [Test worker] o.s.b.a.e.mvc.EndpointHandlerMapping     : Mapped "{[/manage/beans],methods=[GET]}" onto public java.lang.Object org.springframework.boot.actuate.endpoint.mvc.EndpointMvcAdapter.invoke()
2015-10-21 10:59:59.269  INFO 7213 --- [Test worker] o.s.b.a.e.mvc.EndpointHandlerMapping     : Mapped "{[/manage/autoconfig],methods=[GET]}" onto public java.lang.Object org.springframework.boot.actuate.endpoint.mvc.EndpointMvcAdapter.invoke()
2015-10-21 10:59:59.270  INFO 7213 --- [Test worker] o.s.b.a.e.mvc.EndpointHandlerMapping     : Mapped "{[/manage/configprops],methods=[GET]}" onto public java.lang.Object org.springframework.boot.actuate.endpoint.mvc.EndpointMvcAdapter.invoke()
2015-10-21 10:59:59.271  INFO 7213 --- [Test worker] o.s.b.a.e.mvc.EndpointHandlerMapping     : Mapped "{[/manage/trace],methods=[GET]}" onto public java.lang.Object org.springframework.boot.actuate.endpoint.mvc.EndpointMvcAdapter.invoke()
2015-10-21 10:59:59.272  INFO 7213 --- [Test worker] o.s.b.a.e.mvc.EndpointHandlerMapping     : Mapped "{[/manage/metrics/{name:.*}],methods=[GET]}" onto public java.lang.Object org.springframework.boot.actuate.endpoint.mvc.MetricsMvcEndpoint.value(java.lang.String)
2015-10-21 10:59:59.272  INFO 7213 --- [Test worker] o.s.b.a.e.mvc.EndpointHandlerMapping     : Mapped "{[/manage/metrics],methods=[GET]}" onto public java.lang.Object org.springframework.boot.actuate.endpoint.mvc.EndpointMvcAdapter.invoke()
2015-10-21 10:59:59.273  INFO 7213 --- [Test worker] o.s.b.a.e.mvc.EndpointHandlerMapping     : Mapped "{[/manage/mappings],methods=[GET]}" onto public java.lang.Object org.springframework.boot.actuate.endpoint.mvc.EndpointMvcAdapter.invoke()
2015-10-21 10:59:59.273  INFO 7213 --- [Test worker] o.s.b.a.e.mvc.EndpointHandlerMapping     : Mapped "{[/manage/dump],methods=[GET]}" onto public java.lang.Object org.springframework.boot.actuate.endpoint.mvc.EndpointMvcAdapter.invoke()
2015-10-21 10:59:59.275  INFO 7213 --- [Test worker] o.s.b.a.e.mvc.EndpointHandlerMapping     : Mapped "{[/manage/env/{name:.*}],methods=[GET]}" onto public java.lang.Object org.springframework.boot.actuate.endpoint.mvc.EnvironmentMvcEndpoint.value(java.lang.String)
2015-10-21 10:59:59.275  INFO 7213 --- [Test worker] o.s.b.a.e.mvc.EndpointHandlerMapping     : Mapped "{[/manage/env],methods=[GET]}" onto public java.lang.Object org.springframework.boot.actuate.endpoint.mvc.EndpointMvcAdapter.invoke()
2015-10-21 10:59:59.504  INFO 7213 --- [Test worker] .WirecardSeamlessExampleApplicationTests : Started WirecardSeamlessExampleApplicationTests in 3.814 seconds (JVM running for 4.787)
2015-10-21 10:59:59.543  INFO 7213 --- [Test worker] o.s.t.c.web.WebTestContextBootstrapper   : Loaded default TestExecutionListener class names from location [META-INF/spring.factories]: [org.springframework.test.context.web.ServletTestExecutionListener, org.springframework.test.context.support.DependencyInjectionTestExecutionListener, org.springframework.test.context.support.DirtiesContextTestExecutionListener, org.springframework.test.context.transaction.TransactionalTestExecutionListener, org.springframework.test.context.jdbc.SqlScriptsTestExecutionListener]
2015-10-21 10:59:59.544  INFO 7213 --- [Test worker] o.s.t.c.web.WebTestContextBootstrapper   : Could not instantiate TestExecutionListener [org.springframework.test.context.jdbc.SqlScriptsTestExecutionListener]. Specify custom listener classes or make the default listener classes (and their required dependencies) available. Offending class: [org/springframework/transaction/interceptor/TransactionAttribute]
2015-10-21 10:59:59.545  INFO 7213 --- [Test worker] o.s.t.c.web.WebTestContextBootstrapper   : Could not instantiate TestExecutionListener [org.springframework.test.context.transaction.TransactionalTestExecutionListener]. Specify custom listener classes or make the default listener classes (and their required dependencies) available. Offending class: [org/springframework/transaction/interceptor/TransactionAttributeSource]
2015-10-21 10:59:59.545  INFO 7213 --- [Test worker] o.s.t.c.web.WebTestContextBootstrapper   : Using TestExecutionListeners: [org.springframework.test.context.web.ServletTestExecutionListener@34fe068b, org.springframework.test.context.support.DependencyInjectionTestExecutionListener@115faadb, org.springframework.test.context.support.DirtiesContextTestExecutionListener@1fca18c6]
2015-10-21 11:00:32.061  INFO 7289 --- [main] c.e.WirecardSeamlessExampleApplication   : Starting WirecardSeamlessExampleApplication on Florian-mbp with PID 7289 (/Users/fch/personal/wirecard-example/build/classes/main started by fch in /Users/fch/personal/wirecard-example)
2015-10-21 11:00:32.132  INFO 7289 --- [main] ationConfigEmbeddedWebApplicationContext : Refreshing org.springframework.boot.context.embedded.AnnotationConfigEmbeddedWebApplicationContext@204aa98f: startup date [Wed Oct 21 11:00:32 CEST 2015]; root of context hierarchy
2015-10-21 11:00:34.382  INFO 7289 --- [main] s.b.c.e.t.TomcatEmbeddedServletContainer : Tomcat initialized with port(s): 8080 (http)
2015-10-21 11:00:34.715  INFO 7289 --- [main] o.apache.catalina.core.StandardService   : Starting service Tomcat
2015-10-21 11:00:34.716  INFO 7289 --- [main] org.apache.catalina.core.StandardEngine  : Starting Servlet Engine: Apache Tomcat/8.0.26
2015-10-21 11:00:35.124  INFO 7289 --- [localhost-startStop-1] org.apache.jasper.servlet.TldScanner     : At least one JAR was scanned for TLDs yet contained no TLDs. Enable debug logging for this logger for a complete list of JARs that were scanned but no TLDs were found in them. Skipping unneeded JARs during scanning can improve startup time and JSP compilation time.
2015-10-21 11:00:35.128  INFO 7289 --- [localhost-startStop-1] o.a.c.c.C.[Tomcat].[localhost].[/]       : Initializing Spring embedded WebApplicationContext
2015-10-21 11:00:35.129  INFO 7289 --- [localhost-startStop-1] o.s.web.context.ContextLoader            : Root WebApplicationContext: initialization completed in 3000 ms
2015-10-21 11:00:35.591  INFO 7289 --- [localhost-startStop-1] o.s.b.c.e.ServletRegistrationBean        : Mapping servlet: 'dispatcherServlet' to [/]
2015-10-21 11:00:35.595  INFO 7289 --- [localhost-startStop-1] o.s.b.c.embedded.FilterRegistrationBean  : Mapping filter: 'metricFilter' to: [/*]
2015-10-21 11:00:35.596  INFO 7289 --- [localhost-startStop-1] o.s.b.c.embedded.FilterRegistrationBean  : Mapping filter: 'characterEncodingFilter' to: [/*]
2015-10-21 11:00:35.596  INFO 7289 --- [localhost-startStop-1] o.s.b.c.embedded.FilterRegistrationBean  : Mapping filter: 'webRequestLoggingFilter' to: [/*]
2015-10-21 11:00:35.596  INFO 7289 --- [localhost-startStop-1] o.s.b.c.embedded.FilterRegistrationBean  : Mapping filter: 'applicationContextIdFilter' to: [/*]
2015-10-21 11:00:35.806  INFO 7289 --- [main] s.w.s.m.m.a.RequestMappingHandlerMapping : Mapped "{[/failure]}" onto public org.springframework.web.servlet.ModelAndView com.wirecard.controller.WirecardController.failure() throws java.io.IOException
2015-10-21 11:00:35.806  INFO 7289 --- [main] s.w.s.m.m.a.RequestMappingHandlerMapping : Mapped "{[/pending]}" onto public org.springframework.web.servlet.ModelAndView com.wirecard.controller.WirecardController.pending() throws java.io.IOException
2015-10-21 11:00:35.807  INFO 7289 --- [main] s.w.s.m.m.a.RequestMappingHandlerMapping : Mapped "{[/]}" onto public java.lang.String com.wirecard.controller.WirecardController.index()
2015-10-21 11:00:35.807  INFO 7289 --- [main] s.w.s.m.m.a.RequestMappingHandlerMapping : Mapped "{[/fallback]}" onto public void com.wirecard.controller.WirecardController.fallback()
2015-10-21 11:00:35.808  INFO 7289 --- [main] s.w.s.m.m.a.RequestMappingHandlerMapping : Mapped "{[/wirecard],methods=[GET]}" onto public org.springframework.web.servlet.ModelAndView com.wirecard.controller.WirecardController.wirecard(javax.servlet.http.HttpServletRequest) throws java.io.IOException
2015-10-21 11:00:35.808  INFO 7289 --- [main] s.w.s.m.m.a.RequestMappingHandlerMapping : Mapped "{[/pay],methods=[POST],consumes=[application/json],produces=[application/json]}" onto public com.wirecard.resource.response.InitPaymentResponse com.wirecard.controller.WirecardController.pay(javax.servlet.http.HttpServletRequest,com.wirecard.resource.response.ReadStorageResponse) throws java.io.IOException
2015-10-21 11:00:35.809  INFO 7289 --- [main] s.w.s.m.m.a.RequestMappingHandlerMapping : Mapped "{[/storage],methods=[POST],consumes=[application/json],produces=[application/json]}" onto public com.wirecard.resource.response.ReadStorageResponse com.wirecard.controller.WirecardController.storage(com.wirecard.resource.response.ReadStorageResponse) throws java.io.IOException
2015-10-21 11:00:35.809  INFO 7289 --- [main] s.w.s.m.m.a.RequestMappingHandlerMapping : Mapped "{[/confirm]}" onto public void com.wirecard.controller.WirecardController.confirm(javax.servlet.http.HttpServletRequest) throws java.io.IOException
2015-10-21 11:00:35.809  INFO 7289 --- [main] s.w.s.m.m.a.RequestMappingHandlerMapping : Mapped "{[/success]}" onto public org.springframework.web.servlet.ModelAndView com.wirecard.controller.WirecardController.success() throws java.io.IOException
2015-10-21 11:00:35.809  INFO 7289 --- [main] s.w.s.m.m.a.RequestMappingHandlerMapping : Mapped "{[/cancel]}" onto public org.springframework.web.servlet.ModelAndView com.wirecard.controller.WirecardController.cancel() throws java.io.IOException
2015-10-21 11:00:35.810  INFO 7289 --- [main] s.w.s.m.m.a.RequestMappingHandlerMapping : Mapped "{[/service]}" onto public org.springframework.web.servlet.ModelAndView com.wirecard.controller.WirecardController.service() throws java.io.IOException
2015-10-21 11:00:35.820  INFO 7289 --- [main] s.w.s.m.m.a.RequestMappingHandlerMapping : Mapped "{[/error]}" onto public org.springframework.http.ResponseEntity<java.util.Map<java.lang.String, java.lang.Object>> org.springframework.boot.autoconfigure.web.BasicErrorController.error(javax.servlet.http.HttpServletRequest)
2015-10-21 11:00:35.821  INFO 7289 --- [main] s.w.s.m.m.a.RequestMappingHandlerMapping : Mapped "{[/error],produces=[text/html]}" onto public org.springframework.web.servlet.ModelAndView org.springframework.boot.autoconfigure.web.BasicErrorController.errorHtml(javax.servlet.http.HttpServletRequest)
2015-10-21 11:00:35.878  INFO 7289 --- [main] o.s.w.s.handler.SimpleUrlHandlerMapping  : Mapped URL path [/**] onto handler of type [class org.springframework.web.servlet.resource.DefaultServletHttpRequestHandler]
2015-10-21 11:00:36.126  INFO 7289 --- [main] s.w.s.m.m.a.RequestMappingHandlerAdapter : Looking for @ControllerAdvice: org.springframework.boot.context.embedded.AnnotationConfigEmbeddedWebApplicationContext@204aa98f: startup date [Wed Oct 21 11:00:32 CEST 2015]; root of context hierarchy
2015-10-21 11:00:36.881  INFO 7289 --- [main] o.s.b.a.e.mvc.EndpointHandlerMapping     : Mapped "{[/manage/health]}" onto public java.lang.Object org.springframework.boot.actuate.endpoint.mvc.HealthMvcEndpoint.invoke(java.security.Principal)
2015-10-21 11:00:36.882  INFO 7289 --- [main] o.s.b.a.e.mvc.EndpointHandlerMapping     : Mapped "{[/manage/trace],methods=[GET]}" onto public java.lang.Object org.springframework.boot.actuate.endpoint.mvc.EndpointMvcAdapter.invoke()
2015-10-21 11:00:36.883  INFO 7289 --- [main] o.s.b.a.e.mvc.EndpointHandlerMapping     : Mapped "{[/manage/info],methods=[GET]}" onto public java.lang.Object org.springframework.boot.actuate.endpoint.mvc.EndpointMvcAdapter.invoke()
2015-10-21 11:00:36.884  INFO 7289 --- [main] o.s.b.a.e.mvc.EndpointHandlerMapping     : Mapped "{[/manage/mappings],methods=[GET]}" onto public java.lang.Object org.springframework.boot.actuate.endpoint.mvc.EndpointMvcAdapter.invoke()
2015-10-21 11:00:36.885  INFO 7289 --- [main] o.s.b.a.e.mvc.EndpointHandlerMapping     : Mapped "{[/manage/metrics/{name:.*}],methods=[GET]}" onto public java.lang.Object org.springframework.boot.actuate.endpoint.mvc.MetricsMvcEndpoint.value(java.lang.String)
2015-10-21 11:00:36.885  INFO 7289 --- [main] o.s.b.a.e.mvc.EndpointHandlerMapping     : Mapped "{[/manage/metrics],methods=[GET]}" onto public java.lang.Object org.springframework.boot.actuate.endpoint.mvc.EndpointMvcAdapter.invoke()
2015-10-21 11:00:36.886  INFO 7289 --- [main] o.s.b.a.e.mvc.EndpointHandlerMapping     : Mapped "{[/manage/beans],methods=[GET]}" onto public java.lang.Object org.springframework.boot.actuate.endpoint.mvc.EndpointMvcAdapter.invoke()
2015-10-21 11:00:36.886  INFO 7289 --- [main] o.s.b.a.e.mvc.EndpointHandlerMapping     : Mapped "{[/manage/configprops],methods=[GET]}" onto public java.lang.Object org.springframework.boot.actuate.endpoint.mvc.EndpointMvcAdapter.invoke()
2015-10-21 11:00:36.887  INFO 7289 --- [main] o.s.b.a.e.mvc.EndpointHandlerMapping     : Mapped "{[/manage/autoconfig],methods=[GET]}" onto public java.lang.Object org.springframework.boot.actuate.endpoint.mvc.EndpointMvcAdapter.invoke()
2015-10-21 11:00:36.888  INFO 7289 --- [main] o.s.b.a.e.mvc.EndpointHandlerMapping     : Mapped "{[/manage/dump],methods=[GET]}" onto public java.lang.Object org.springframework.boot.actuate.endpoint.mvc.EndpointMvcAdapter.invoke()
2015-10-21 11:00:36.889  INFO 7289 --- [main] o.s.b.a.e.mvc.EndpointHandlerMapping     : Mapped "{[/manage/env/{name:.*}],methods=[GET]}" onto public java.lang.Object org.springframework.boot.actuate.endpoint.mvc.EnvironmentMvcEndpoint.value(java.lang.String)
2015-10-21 11:00:36.889  INFO 7289 --- [main] o.s.b.a.e.mvc.EndpointHandlerMapping     : Mapped "{[/manage/env],methods=[GET]}" onto public java.lang.Object org.springframework.boot.actuate.endpoint.mvc.EndpointMvcAdapter.invoke()
2015-10-21 11:00:37.065  INFO 7289 --- [main] o.s.j.e.a.AnnotationMBeanExporter        : Registering beans for JMX exposure on startup
2015-10-21 11:00:37.076  INFO 7289 --- [main] o.s.c.support.DefaultLifecycleProcessor  : Starting beans in phase 0
2015-10-21 11:00:37.320  INFO 7289 --- [main] s.b.c.e.t.TomcatEmbeddedServletContainer : Tomcat started on port(s): 8080 (http)
2015-10-21 11:00:37.322  INFO 7289 --- [main] c.e.WirecardSeamlessExampleApplication   : Started WirecardSeamlessExampleApplication in 5.682 seconds (JVM running for 6.039)
2015-10-21 11:01:02.732  INFO 7289 --- [http-nio-8080-exec-1] o.a.c.c.C.[Tomcat].[localhost].[/]       : Initializing Spring FrameworkServlet 'dispatcherServlet'
2015-10-21 11:01:02.732  INFO 7289 --- [http-nio-8080-exec-1] o.s.web.servlet.DispatcherServlet        : FrameworkServlet 'dispatcherServlet': initialization started
2015-10-21 11:01:02.749  INFO 7289 --- [http-nio-8080-exec-1] o.s.web.servlet.DispatcherServlet        : FrameworkServlet 'dispatcherServlet': initialization completed in 17 ms
2015-10-21 11:04:44.232  INFO 7289 --- [Thread-1] ationConfigEmbeddedWebApplicationContext : Closing org.springframework.boot.context.embedded.AnnotationConfigEmbeddedWebApplicationContext@204aa98f: startup date [Wed Oct 21 11:00:32 CEST 2015]; root of context hierarchy
2015-10-21 11:04:44.233  INFO 7289 --- [Thread-1] o.s.c.support.DefaultLifecycleProcessor  : Stopping beans in phase 0
2015-10-21 11:04:44.237  INFO 7289 --- [Thread-1] o.s.j.e.a.AnnotationMBeanExporter        : Unregistering JMX-exposed beans on shutdown
